<?xml version="1.0" encoding="UTF-8"?>
<!-- Generated by org.testng.reporters.JUnitXMLReporter -->
<testsuite ignored="0" hostname="Ashwinis-MacBook-Pro.local" failures="0" tests="12" name="Default test" time="5.111" errors="0" timestamp="2024-11-26T14:38:00 CST">
  <testcase classname="api.test.UserApiTestDataDriven" name="testPostUser" time="1.555"/>
  <testcase classname="api.test.UserApiTestDataDriven" name="testPostUser" time="0.24"/>
  <testcase classname="api.test.UserApiTestDataDriven" name="testPostUser" time="0.231"/>
  <testcase classname="api.test.UserApiTestDataDriven" name="testPostUser" time="0.223"/>
  <testcase classname="api.test.UserApiTestDataDriven" name="testGetUser" time="0.23"/>
  <testcase classname="api.test.UserApiTestDataDriven" name="testGetUser" time="0.244"/>
  <testcase classname="api.test.UserApiTestDataDriven" name="testGetUser" time="0.206"/>
  <testcase classname="api.test.UserApiTestDataDriven" name="testGetUser" time="0.222"/>
  <testcase classname="api.test.UserApiTestDataDriven" name="testDeleteUser" time="0.208"/>
  <testcase classname="api.test.UserApiTestDataDriven" name="testDeleteUser" time="0.221"/>
  <testcase classname="api.test.UserApiTestDataDriven" name="testDeleteUser" time="0.215"/>
  <testcase classname="api.test.UserApiTestDataDriven" name="testDeleteUser" time="0.251"/>
</testsuite> <!-- Default test -->
