<?xml version="1.0" encoding="UTF-8"?>
<!-- Generated by org.testng.reporters.JUnitXMLReporter -->
<testsuite ignored="0" hostname="Ashwinis-MacBook-Pro.local" failures="0" tests="12" name="Default test" time="5.44" errors="0" timestamp="2024-11-24T21:57:34 CST">
  <testcase classname="api.test.UserApiTestDataDriven" name="testPostUser" time="1.997"/>
  <testcase classname="api.test.UserApiTestDataDriven" name="testPostUser" time="0.21"/>
  <testcase classname="api.test.UserApiTestDataDriven" name="testPostUser" time="0.225"/>
  <testcase classname="api.test.UserApiTestDataDriven" name="testPostUser" time="0.215"/>
  <testcase classname="api.test.UserApiTestDataDriven" name="testGetUser" time="0.23"/>
  <testcase classname="api.test.UserApiTestDataDriven" name="testGetUser" time="0.208"/>
  <testcase classname="api.test.UserApiTestDataDriven" name="testGetUser" time="0.188"/>
  <testcase classname="api.test.UserApiTestDataDriven" name="testGetUser" time="0.209"/>
  <testcase classname="api.test.UserApiTestDataDriven" name="testDeleteUser" time="0.209"/>
  <testcase classname="api.test.UserApiTestDataDriven" name="testDeleteUser" time="0.202"/>
  <testcase classname="api.test.UserApiTestDataDriven" name="testDeleteUser" time="0.212"/>
  <testcase classname="api.test.UserApiTestDataDriven" name="testDeleteUser" time="0.213"/>
</testsuite> <!-- Default test -->
