<?xml version="1.0" encoding="UTF-8"?>
<testng-results ignored="0" total="12" passed="12" failed="0" skipped="0">
  <reporter-output>
  </reporter-output>
  <suite started-at="2024-11-24T05:15:00 CST" name="Default suite" finished-at="2024-11-24T05:15:05 CST" duration-ms="5847">
    <groups>
    </groups>
    <test started-at="2024-11-24T05:15:00 CST" name="Default test" finished-at="2024-11-24T05:15:05 CST" duration-ms="5847">
      <class name="api.test.UserApiTestDataDriven">
        <test-method signature="testPostUser(java.lang.String,java.lang.String,java.lang.String,java.lang.String,java.lang.String,java.lang.String,java.lang.String)[pri:1, instance:api.test.UserApiTestDataDriven@c33b74f]" started-at="2024-11-24T05:15:01 CST" name="testPostUser" data-provider="Data" finished-at="2024-11-24T05:15:03 CST" duration-ms="2203" status="PASS">
          <params>
            <param index="0">
              <value>
                <![CDATA[100]]>
              </value>
            </param>
            <param index="1">
              <value>
                <![CDATA[User1]]>
              </value>
            </param>
            <param index="2">
              <value>
                <![CDATA[john ]]>
              </value>
            </param>
            <param index="3">
              <value>
                <![CDATA[kennedy]]>
              </value>
            </param>
            <param index="4">
              <value>
                <![CDATA[test1@gmail.com]]>
              </value>
            </param>
            <param index="5">
              <value>
                <![CDATA[abcd]]>
              </value>
            </param>
            <param index="6">
              <value>
                <![CDATA[2147483647]]>
              </value>
            </param>
          </params>
          <reporter-output>
          </reporter-output>
        </test-method> <!-- testPostUser -->
        <test-method signature="testPostUser(java.lang.String,java.lang.String,java.lang.String,java.lang.String,java.lang.String,java.lang.String,java.lang.String)[pri:1, instance:api.test.UserApiTestDataDriven@c33b74f]" started-at="2024-11-24T05:15:03 CST" name="testPostUser" data-provider="Data" finished-at="2024-11-24T05:15:03 CST" duration-ms="225" status="PASS">
          <params>
            <param index="0">
              <value>
                <![CDATA[101]]>
              </value>
            </param>
            <param index="1">
              <value>
                <![CDATA[User2]]>
              </value>
            </param>
            <param index="2">
              <value>
                <![CDATA[kim]]>
              </value>
            </param>
            <param index="3">
              <value>
                <![CDATA[kom]]>
              </value>
            </param>
            <param index="4">
              <value>
                <![CDATA[test2@gmail.com]]>
              </value>
            </param>
            <param index="5">
              <value>
                <![CDATA[efgh]]>
              </value>
            </param>
            <param index="6">
              <value>
                <![CDATA[1111122222]]>
              </value>
            </param>
          </params>
          <reporter-output>
          </reporter-output>
        </test-method> <!-- testPostUser -->
        <test-method signature="testPostUser(java.lang.String,java.lang.String,java.lang.String,java.lang.String,java.lang.String,java.lang.String,java.lang.String)[pri:1, instance:api.test.UserApiTestDataDriven@c33b74f]" started-at="2024-11-24T05:15:03 CST" name="testPostUser" data-provider="Data" finished-at="2024-11-24T05:15:03 CST" duration-ms="225" status="PASS">
          <params>
            <param index="0">
              <value>
                <![CDATA[102]]>
              </value>
            </param>
            <param index="1">
              <value>
                <![CDATA[User3]]>
              </value>
            </param>
            <param index="2">
              <value>
                <![CDATA[smith]]>
              </value>
            </param>
            <param index="3">
              <value>
                <![CDATA[roherman]]>
              </value>
            </param>
            <param index="4">
              <value>
                <![CDATA[test3@gmail.com]]>
              </value>
            </param>
            <param index="5">
              <value>
                <![CDATA[ijkl]]>
              </value>
            </param>
            <param index="6">
              <value>
                <![CDATA[2147483647]]>
              </value>
            </param>
          </params>
          <reporter-output>
          </reporter-output>
        </test-method> <!-- testPostUser -->
        <test-method signature="testPostUser(java.lang.String,java.lang.String,java.lang.String,java.lang.String,java.lang.String,java.lang.String,java.lang.String)[pri:1, instance:api.test.UserApiTestDataDriven@c33b74f]" started-at="2024-11-24T05:15:03 CST" name="testPostUser" data-provider="Data" finished-at="2024-11-24T05:15:04 CST" duration-ms="203" status="PASS">
          <params>
            <param index="0">
              <value>
                <![CDATA[103]]>
              </value>
            </param>
            <param index="1">
              <value>
                <![CDATA[user4]]>
              </value>
            </param>
            <param index="2">
              <value>
                <![CDATA[]]>
              </value>
            </param>
            <param index="3">
              <value>
                <![CDATA[asda]]>
              </value>
            </param>
            <param index="4">
              <value>
                <![CDATA[test4@gmail.com]]>
              </value>
            </param>
            <param index="5">
              <value>
                <![CDATA[efcd]]>
              </value>
            </param>
            <param index="6">
              <value>
                <![CDATA[2147483647]]>
              </value>
            </param>
          </params>
          <reporter-output>
          </reporter-output>
        </test-method> <!-- testPostUser -->
        <test-method signature="testGetUser(java.lang.String)[pri:2, instance:api.test.UserApiTestDataDriven@c33b74f]" started-at="2024-11-24T05:15:04 CST" name="testGetUser" data-provider="UserName" finished-at="2024-11-24T05:15:04 CST" duration-ms="228" status="PASS">
          <params>
            <param index="0">
              <value>
                <![CDATA[User1]]>
              </value>
            </param>
          </params>
          <reporter-output>
          </reporter-output>
        </test-method> <!-- testGetUser -->
        <test-method signature="testGetUser(java.lang.String)[pri:2, instance:api.test.UserApiTestDataDriven@c33b74f]" started-at="2024-11-24T05:15:04 CST" name="testGetUser" data-provider="UserName" finished-at="2024-11-24T05:15:04 CST" duration-ms="205" status="PASS">
          <params>
            <param index="0">
              <value>
                <![CDATA[User2]]>
              </value>
            </param>
          </params>
          <reporter-output>
          </reporter-output>
        </test-method> <!-- testGetUser -->
        <test-method signature="testGetUser(java.lang.String)[pri:2, instance:api.test.UserApiTestDataDriven@c33b74f]" started-at="2024-11-24T05:15:04 CST" name="testGetUser" data-provider="UserName" finished-at="2024-11-24T05:15:04 CST" duration-ms="232" status="PASS">
          <params>
            <param index="0">
              <value>
                <![CDATA[User3]]>
              </value>
            </param>
          </params>
          <reporter-output>
          </reporter-output>
        </test-method> <!-- testGetUser -->
        <test-method signature="testGetUser(java.lang.String)[pri:2, instance:api.test.UserApiTestDataDriven@c33b74f]" started-at="2024-11-24T05:15:04 CST" name="testGetUser" data-provider="UserName" finished-at="2024-11-24T05:15:05 CST" duration-ms="198" status="PASS">
          <params>
            <param index="0">
              <value>
                <![CDATA[user4]]>
              </value>
            </param>
          </params>
          <reporter-output>
          </reporter-output>
        </test-method> <!-- testGetUser -->
        <test-method signature="testDeleteUser(java.lang.String)[pri:3, instance:api.test.UserApiTestDataDriven@c33b74f]" started-at="2024-11-24T05:15:05 CST" name="testDeleteUser" data-provider="UserName" finished-at="2024-11-24T05:15:05 CST" duration-ms="194" status="PASS">
          <params>
            <param index="0">
              <value>
                <![CDATA[User1]]>
              </value>
            </param>
          </params>
          <reporter-output>
          </reporter-output>
        </test-method> <!-- testDeleteUser -->
        <test-method signature="testDeleteUser(java.lang.String)[pri:3, instance:api.test.UserApiTestDataDriven@c33b74f]" started-at="2024-11-24T05:15:05 CST" name="testDeleteUser" data-provider="UserName" finished-at="2024-11-24T05:15:05 CST" duration-ms="219" status="PASS">
          <params>
            <param index="0">
              <value>
                <![CDATA[User2]]>
              </value>
            </param>
          </params>
          <reporter-output>
          </reporter-output>
        </test-method> <!-- testDeleteUser -->
        <test-method signature="testDeleteUser(java.lang.String)[pri:3, instance:api.test.UserApiTestDataDriven@c33b74f]" started-at="2024-11-24T05:15:05 CST" name="testDeleteUser" data-provider="UserName" finished-at="2024-11-24T05:15:05 CST" duration-ms="208" status="PASS">
          <params>
            <param index="0">
              <value>
                <![CDATA[User3]]>
              </value>
            </param>
          </params>
          <reporter-output>
          </reporter-output>
        </test-method> <!-- testDeleteUser -->
        <test-method signature="testDeleteUser(java.lang.String)[pri:3, instance:api.test.UserApiTestDataDriven@c33b74f]" started-at="2024-11-24T05:15:05 CST" name="testDeleteUser" data-provider="UserName" finished-at="2024-11-24T05:15:05 CST" duration-ms="212" status="PASS">
          <params>
            <param index="0">
              <value>
                <![CDATA[user4]]>
              </value>
            </param>
          </params>
          <reporter-output>
          </reporter-output>
        </test-method> <!-- testDeleteUser -->
      </class> <!-- api.test.UserApiTestDataDriven -->
    </test> <!-- Default test -->
  </suite> <!-- Default suite -->
</testng-results>
